========================
C O P L  1.0  (Oct 1997)
========================


Problem Statics
---------------
 problem name ............................................. graph/g7
 problem type .......................................... maximal cut
 dimension ....................................................... 6
 density ................................................... 100.00%


Iteration Information
---------------------
 ITER |P(z)|        POBJ          DOBJ        RGAP     MRHO    MSTEP
 -------------------------------------------------------------------
 0      0.00   7.5000000e+00  1.6500000e+01  5.4e-01  5.0e+00   0.00
 1     10.02   8.5571429e+00  1.1816198e+01  2.7e-01  5.0e+00   1.50
 2      4.74   8.7894615e+00  1.0031601e+01  1.2e-01  2.8e+00   1.50
 3      3.23   8.9068656e+00  9.3748773e+00  4.9e-02  2.2e+00   1.50
 4      3.57   8.9667275e+00  9.1360139e+00  1.8e-02  2.4e+00   1.50
 5      3.85   8.9884845e+00  9.0493370e+00  6.5e-03  2.5e+00   1.50
 6      5.29   8.9966026e+00  9.0178956e+00  2.3e-03  3.0e+00   1.50
 7      5.31   8.9988147e+00  9.0064911e+00  8.3e-04  3.0e+00   1.50
 8      5.32   8.9995732e+00  9.0023545e+00  3.0e-04  3.0e+00   1.50
 9      5.32   8.9998454e+00  9.0008540e+00  1.1e-04  3.0e+00   1.50
 10     5.32   8.9999440e+00  9.0003098e+00  4.0e-05  3.0e+00   1.50

 Exit -- 0: relative gap 4.0e-05 < 1.0e-04

 Upper bound for solution 9.000310e+00 
 The best solution found is : 9.000000e+00 


Time distribution
-----------------
 time for initial data input .............................. 0.00 sec
 time to solve semidefinite program ....................... 0.00 sec
 time for vector solution generation ...................... 0.00 sec
 time for the whole process ............................... 0.00 sec

------------------------------  EOF  -------------------------------

