========================
C O P L  1.0  (Oct 1997)
========================

SPC file
--------
 BEGIN
   cache_memory_size     : 256
   data_type             : graph
   dynamic_rho           : on
   maximum_iterations    : 200
   cut_difference        : 2
   penalty_factor        : 2.0
   pivoting_tolerance    : 1.0e-13
   save                  : yes 
   stcut_index           : 1  2
   stopping_tolerance    : 1.0e-3
   trust_region_radius   : 0.99
   variable_stepsize     : on
   *problem_type          : mcut
   findvec               : both
 END

Problem Statics
---------------
 problem name .................................................. G11
 problem type ............................................ equal cut
 dimension ..................................................... 800
 density ..................................................... 0.62%


Iteration Information
---------------------
 ITER |P(z)|     POBJ       DOBJ     RGAP     X0       LAMBDA  MSTEP
 -------------------------------------------------------------------
 0      0.00   -382.979   1017.000  1.4e+00  1.0e+00    +0.000  0.00
 1     48.59   -382.979    940.218  1.4e+00  1.0e+00    -0.001  3.00
 2      7.76   -382.979   1005.286  1.4e+00  1.0e+00    -0.002  3.00
 3      3.29   -382.979   1076.729  1.4e+00  1.0e+00    -0.009  3.00
 4      2.20   -382.979   1228.178  1.3e+00  1.0e+00    -0.046  6.00
 5      3.12   -237.457   1029.524  1.2e+00  3.3e-03    -0.149  6.00
 6     14.10    199.008    872.733  7.7e-01  2.6e-03    -0.216  6.00
 7     18.10    199.008    762.556  7.4e-01  2.6e-03    -0.289  6.00
 8      5.06    199.008    692.980  7.1e-01  2.6e-03    -0.631  6.00
 9      8.59    374.720    652.650  4.3e-01  1.0e-03    -1.069  6.00
 10    17.68    500.898    634.752  2.1e-01  4.5e-04    -1.429  6.00
 11    15.01    570.343    632.110  9.8e-02  2.0e-04    -1.712  3.00
 12    23.16    602.108    630.543  4.5e-02  8.8e-05    -1.931  3.00
 13    28.17    616.526    629.721  2.1e-02  4.0e-05    -2.134  3.00
 14    11.26    616.526    629.350  2.0e-02  4.0e-05    -2.697  3.00
 15     2.88    620.930    629.229  1.3e-02  2.6e-05    -5.478  3.00
 16     3.13    624.785    629.199  7.0e-03  1.4e-05    -8.069  1.50
 17    17.56    627.700    629.179  2.3e-03  4.6e-06    -8.748  1.50
 18    32.08    628.664    629.167  8.0e-04  1.6e-06    -9.151  1.50

 Exit -- 0: relative gap 8.0e-04 < 1.0e-03

 Upper bound for solution 6.291673e+02 
 The best solution found is : 5.340000e+02 


Time distribution
-----------------
 time for initial data input .............................. 0.00 sec
 time to solve semidefinite program ....................... 0.90 sec
 time for vector solution generation ...................... 0.19 sec
 time for the whole process ............................... 1.09 sec

------------------------------  EOF  -------------------------------

