========================
C O P L  1.0  (Oct 1997)
========================

SPC file
--------
 BEGIN
   cache_memory_size     : 256
   data_type             : graph
   dynamic_rho           : on
   maximum_iterations    : 200
   cut_difference        : 2
   penalty_factor        : 2.0
   pivoting_tolerance    : 1.0e-13
   save                  : yes 
   stcut_index           : 1  2
   stopping_tolerance    : 1.0e-3
   trust_region_radius   : 0.99
   variable_stepsize     : on
   *problem_type          : mcut
   findvec               : both
 END

Problem Statics
---------------
 problem name .................................................. odd
 problem type ............................................ equal cut
